<?xml version="1.0" encoding="UTF-8"?>
<testsuite xmlns:xsi="http://www.w3.org/2001/XMLSchema-instance" xsi:noNamespaceSchemaLocation="https://maven.apache.org/surefire/maven-surefire-plugin/xsd/surefire-test-report-3.0.xsd" version="3.0" name="wi.go.jim.MemberTest" time="0.054" tests="4" errors="0" skipped="0" failures="0">
  <properties>
[...]
</properties>
  <testcase name="testNameGetter" classname="wi.go.jim.MemberTest" time="0.004"/>
  <testcase name="testRoleGetter" classname="wi.go.jim.MemberTest" time="0.0"/>
  <testcase name="testEmailGetter" classname="wi.go.jim.MemberTest" time="0.0"/>
  <testcase name="testDashboardOutput" classname="wi.go.jim.MemberTest" time="0.008">
    <system-out><![CDATA[Menampilkan dashboard dari CekMember
]]></system-out>
  </testcase>
</testsuite>